*** 2020-12-02 15:20:15,237 - load_data_to_db.py: ***
  INFO: Loading data from file to DB:  elspot-prices_2018_hourly_eur.xlsx
*** 2020-12-02 15:20:15,238 - file_operations.py: ***
  INFO: Reading data from /home/maverick/eclipse-workspace/Python/Ignitis/ETL_Moving_Excel_Data_SQLiteDB/data/elspot-prices_2018_hourly_eur.xlsx
*** 2020-12-02 15:20:21,815 - file_operations.py: ***
  INFO: There is missing price data in the data file:
  /home/maverick/eclipse-workspace/Python/Ignitis/ETL_Moving_Excel_Data_SQLiteDB/data/elspot-prices_2018_hourly_eur.xlsx
!!! WARNING: Number of missing values: 17 !!!
  For details check read log:
  /home/maverick/eclipse-workspace/Python/Ignitis/ETL_Moving_Excel_Data_SQLiteDB/logs/read_error_elspot-prices_2018_hourly_eur_xlsx.log.
*** 2020-12-02 15:20:21,816 - load_data_to_db.py: ***
  INFO: Data insertion is over.
  Number of processed records: 148920
  Number of inserted records 148903.
!!! WARNING: Insertion of 17 row(s) failed !!!
  Failed insertions log:
  /home/maverick/eclipse-workspace/Python/Ignitis/ETL_Moving_Excel_Data_SQLiteDB/logs/insert_error_elspot-prices_2018_hourly_eur_xlsx.log

*** 2020-12-02 15:20:22,328 - load_data_to_db.py: ***
  INFO: Loading data from file to DB:  elspot-prices_2020_hourly_eur.xlsx
*** 2020-12-02 15:20:22,328 - file_operations.py: ***
  INFO: Reading data from /home/maverick/eclipse-workspace/Python/Ignitis/ETL_Moving_Excel_Data_SQLiteDB/data/elspot-prices_2020_hourly_eur.xlsx
*** 2020-12-02 15:20:28,246 - file_operations.py: ***
  INFO: There is missing price data in the data file:
  /home/maverick/eclipse-workspace/Python/Ignitis/ETL_Moving_Excel_Data_SQLiteDB/data/elspot-prices_2020_hourly_eur.xlsx
!!! WARNING: Number of missing values: 22 !!!
  For details check read log:
  /home/maverick/eclipse-workspace/Python/Ignitis/ETL_Moving_Excel_Data_SQLiteDB/logs/read_error_elspot-prices_2020_hourly_eur_xlsx.log.
*** 2020-12-02 15:20:28,247 - load_data_to_db.py: ***
  INFO: Data insertion is over.
  Number of processed records: 150986
  Number of inserted records 150986.

*** 2020-12-02 15:20:28,732 - load_data_to_db.py: ***
  INFO: Loading data from file to DB:  elspot-prices_2019_hourly_eur.xlsx
*** 2020-12-02 15:20:28,733 - file_operations.py: ***
  INFO: Reading data from /home/maverick/eclipse-workspace/Python/Ignitis/ETL_Moving_Excel_Data_SQLiteDB/data/elspot-prices_2019_hourly_eur.xlsx
*** 2020-12-02 15:20:37,180 - file_operations.py: ***
  INFO: There is missing price data in the data file:
  /home/maverick/eclipse-workspace/Python/Ignitis/ETL_Moving_Excel_Data_SQLiteDB/data/elspot-prices_2019_hourly_eur.xlsx
!!! WARNING: Number of missing values: 22097 !!!
  For details check read log:
  /home/maverick/eclipse-workspace/Python/Ignitis/ETL_Moving_Excel_Data_SQLiteDB/logs/read_error_elspot-prices_2019_hourly_eur_xlsx.log.
*** 2020-12-02 15:20:37,202 - load_data_to_db.py: ***
  INFO: Data insertion is over.
  Number of processed records: 170645
  Number of inserted records 170623.
!!! WARNING: Insertion of 22 row(s) failed !!!
  Failed insertions log:
  /home/maverick/eclipse-workspace/Python/Ignitis/ETL_Moving_Excel_Data_SQLiteDB/logs/insert_error_elspot-prices_2019_hourly_eur_xlsx.log

