	ERROR: elspot-prices_2019_hourly_eur.xlsx Record insertion failed: ('2019-10-27 02:00', 'SYS', '33.18').   UNIQUE constraint failed: hourly_prices.price_time, hourly_prices.region
	ERROR: elspot-prices_2019_hourly_eur.xlsx Record insertion failed: ('2019-10-27 02:00', 'SE1', '31.49').   UNIQUE constraint failed: hourly_prices.price_time, hourly_prices.region
	ERROR: elspot-prices_2019_hourly_eur.xlsx Record insertion failed: ('2019-10-27 02:00', 'SE2', '31.49').   UNIQUE constraint failed: hourly_prices.price_time, hourly_prices.region
	ERROR: elspot-prices_2019_hourly_eur.xlsx Record insertion failed: ('2019-10-27 02:00', 'SE3', '31.49').   UNIQUE constraint failed: hourly_prices.price_time, hourly_prices.region
	ERROR: elspot-prices_2019_hourly_eur.xlsx Record insertion failed: ('2019-10-27 02:00', 'SE4', '31.49').   UNIQUE constraint failed: hourly_prices.price_time, hourly_prices.region
	ERROR: elspot-prices_2019_hourly_eur.xlsx Record insertion failed: ('2019-10-27 02:00', 'FI', '31.49').   UNIQUE constraint failed: hourly_prices.price_time, hourly_prices.region
	ERROR: elspot-prices_2019_hourly_eur.xlsx Record insertion failed: ('2019-10-27 02:00', 'DK1', '0.05').   UNIQUE constraint failed: hourly_prices.price_time, hourly_prices.region
	ERROR: elspot-prices_2019_hourly_eur.xlsx Record insertion failed: ('2019-10-27 02:00', 'DK2', '0.05').   UNIQUE constraint failed: hourly_prices.price_time, hourly_prices.region
	ERROR: elspot-prices_2019_hourly_eur.xlsx Record insertion failed: ('2019-10-27 02:00', 'Oslo', '37.11').   UNIQUE constraint failed: hourly_prices.price_time, hourly_prices.region
	ERROR: elspot-prices_2019_hourly_eur.xlsx Record insertion failed: ('2019-10-27 02:00', 'Kr.sand', '37.11').   UNIQUE constraint failed: hourly_prices.price_time, hourly_prices.region
	ERROR: elspot-prices_2019_hourly_eur.xlsx Record insertion failed: ('2019-10-27 02:00', 'Bergen', '37.11').   UNIQUE constraint failed: hourly_prices.price_time, hourly_prices.region
	ERROR: elspot-prices_2019_hourly_eur.xlsx Record insertion failed: ('2019-10-27 02:00', 'Molde', '31.49').   UNIQUE constraint failed: hourly_prices.price_time, hourly_prices.region
	ERROR: elspot-prices_2019_hourly_eur.xlsx Record insertion failed: ('2019-10-27 02:00', 'Tr.heim', '31.49').   UNIQUE constraint failed: hourly_prices.price_time, hourly_prices.region
	ERROR: elspot-prices_2019_hourly_eur.xlsx Record insertion failed: ('2019-10-27 02:00', 'Tromsø', '31.49').   UNIQUE constraint failed: hourly_prices.price_time, hourly_prices.region
	ERROR: elspot-prices_2019_hourly_eur.xlsx Record insertion failed: ('2019-10-27 02:00', 'EE', '31.49').   UNIQUE constraint failed: hourly_prices.price_time, hourly_prices.region
	ERROR: elspot-prices_2019_hourly_eur.xlsx Record insertion failed: ('2019-10-27 02:00', 'LV', '31.49').   UNIQUE constraint failed: hourly_prices.price_time, hourly_prices.region
	ERROR: elspot-prices_2019_hourly_eur.xlsx Record insertion failed: ('2019-10-27 02:00', 'LT', '31.49').   UNIQUE constraint failed: hourly_prices.price_time, hourly_prices.region
	ERROR: elspot-prices_2019_hourly_eur.xlsx Record insertion failed: ('2019-10-27 02:00', 'AT', '31.05').   UNIQUE constraint failed: hourly_prices.price_time, hourly_prices.region
	ERROR: elspot-prices_2019_hourly_eur.xlsx Record insertion failed: ('2019-10-27 02:00', 'BE', '25.81').   UNIQUE constraint failed: hourly_prices.price_time, hourly_prices.region
	ERROR: elspot-prices_2019_hourly_eur.xlsx Record insertion failed: ('2019-10-27 02:00', 'DE-LU', '-9.97').   UNIQUE constraint failed: hourly_prices.price_time, hourly_prices.region
	ERROR: elspot-prices_2019_hourly_eur.xlsx Record insertion failed: ('2019-10-27 02:00', 'FR', '11.58').   UNIQUE constraint failed: hourly_prices.price_time, hourly_prices.region
	ERROR: elspot-prices_2019_hourly_eur.xlsx Record insertion failed: ('2019-10-27 02:00', 'NL', '25.7').   UNIQUE constraint failed: hourly_prices.price_time, hourly_prices.region
